1522381913.517749 client started (3539): socket /tmp/tmux-1000/default, protocol 8
1522381913.517791 on Linux 4.9.0-3-amd64 #1 SMP Debian 4.9.30-2+deb9u5 (2017-09-19); libevent 2.0.21-stable (poll)
1522381913.517810 socket is /tmp/tmux-1000/default
1522381913.517823 trying connect
1522381913.517989 add peer 0x55f5293abfb0: 6 ((nil))
1522381913.518052 sending message 100 to peer 0x55f5293abfb0 (4 bytes)
1522381913.518063 sending message 101 to peer 0x55f5293abfb0 (7 bytes)
1522381913.518071 sending message 102 to peer 0x55f5293abfb0 (11 bytes)
1522381913.518078 sending message 108 to peer 0x55f5293abfb0 (27 bytes)
1522381913.518085 sending message 104 to peer 0x55f5293abfb0 (0 bytes)
1522381913.518093 sending message 107 to peer 0x55f5293abfb0 (4 bytes)
1522381913.518100 sending message 105 to peer 0x55f5293abfb0 (22 bytes)
1522381913.518107 sending message 105 to peer 0x55f5293abfb0 (1468 bytes)
1522381913.518120 sending message 105 to peer 0x55f5293abfb0 (48 bytes)
1522381913.518128 sending message 105 to peer 0x55f5293abfb0 (17 bytes)
1522381913.518135 sending message 105 to peer 0x55f5293abfb0 (20 bytes)
1522381913.518141 sending message 105 to peer 0x55f5293abfb0 (11 bytes)
1522381913.518148 sending message 105 to peer 0x55f5293abfb0 (11 bytes)
1522381913.518155 sending message 105 to peer 0x55f5293abfb0 (24 bytes)
1522381913.518162 sending message 105 to peer 0x55f5293abfb0 (20 bytes)
1522381913.518169 sending message 105 to peer 0x55f5293abfb0 (11 bytes)
1522381913.518175 sending message 105 to peer 0x55f5293abfb0 (41 bytes)
1522381913.518182 sending message 105 to peer 0x55f5293abfb0 (17 bytes)
1522381913.518189 sending message 105 to peer 0x55f5293abfb0 (50 bytes)
1522381913.518196 sending message 105 to peer 0x55f5293abfb0 (12 bytes)
1522381913.518203 sending message 105 to peer 0x55f5293abfb0 (25 bytes)
1522381913.518209 sending message 105 to peer 0x55f5293abfb0 (18 bytes)
1522381913.518216 sending message 105 to peer 0x55f5293abfb0 (29 bytes)
1522381913.518223 sending message 105 to peer 0x55f5293abfb0 (60 bytes)
1522381913.518230 sending message 105 to peer 0x55f5293abfb0 (26 bytes)
1522381913.518236 sending message 105 to peer 0x55f5293abfb0 (31 bytes)
1522381913.518243 sending message 105 to peer 0x55f5293abfb0 (18 bytes)
1522381913.518250 sending message 105 to peer 0x55f5293abfb0 (27 bytes)
1522381913.518257 sending message 105 to peer 0x55f5293abfb0 (17 bytes)
1522381913.518263 sending message 105 to peer 0x55f5293abfb0 (19 bytes)
1522381913.518270 sending message 105 to peer 0x55f5293abfb0 (19 bytes)
1522381913.518277 sending message 105 to peer 0x55f5293abfb0 (35 bytes)
1522381913.518283 sending message 105 to peer 0x55f5293abfb0 (21 bytes)
1522381913.518290 sending message 105 to peer 0x55f5293abfb0 (138 bytes)
1522381913.518297 sending message 105 to peer 0x55f5293abfb0 (29 bytes)
1522381913.518304 sending message 105 to peer 0x55f5293abfb0 (24 bytes)
1522381913.518311 sending message 105 to peer 0x55f5293abfb0 (28 bytes)
1522381913.518317 sending message 105 to peer 0x55f5293abfb0 (17 bytes)
1522381913.518324 sending message 105 to peer 0x55f5293abfb0 (12 bytes)
1522381913.518331 sending message 105 to peer 0x55f5293abfb0 (16 bytes)
1522381913.518338 sending message 105 to peer 0x55f5293abfb0 (52 bytes)
1522381913.518344 sending message 105 to peer 0x55f5293abfb0 (18 bytes)
1522381913.518351 sending message 105 to peer 0x55f5293abfb0 (20 bytes)
1522381913.518358 sending message 105 to peer 0x55f5293abfb0 (31 bytes)
1522381913.518364 sending message 105 to peer 0x55f5293abfb0 (39 bytes)
1522381913.518371 sending message 105 to peer 0x55f5293abfb0 (52 bytes)
1522381913.518378 sending message 105 to peer 0x55f5293abfb0 (35 bytes)
1522381913.518385 sending message 105 to peer 0x55f5293abfb0 (82 bytes)
1522381913.518392 sending message 105 to peer 0x55f5293abfb0 (14 bytes)
1522381913.518398 sending message 105 to peer 0x55f5293abfb0 (15 bytes)
1522381913.518405 sending message 105 to peer 0x55f5293abfb0 (8 bytes)
1522381913.518412 sending message 105 to peer 0x55f5293abfb0 (69 bytes)
1522381913.518419 sending message 105 to peer 0x55f5293abfb0 (18 bytes)
1522381913.518434 sending message 105 to peer 0x55f5293abfb0 (20 bytes)
1522381913.518441 sending message 105 to peer 0x55f5293abfb0 (44 bytes)
1522381913.518448 sending message 105 to peer 0x55f5293abfb0 (15 bytes)
1522381913.518455 sending message 105 to peer 0x55f5293abfb0 (54 bytes)
1522381913.518462 sending message 105 to peer 0x55f5293abfb0 (31 bytes)
1522381913.518469 sending message 105 to peer 0x55f5293abfb0 (36 bytes)
1522381913.518476 sending message 105 to peer 0x55f5293abfb0 (59 bytes)
1522381913.518482 sending message 105 to peer 0x55f5293abfb0 (58 bytes)
1522381913.518489 sending message 105 to peer 0x55f5293abfb0 (793 bytes)
1522381913.518496 sending message 105 to peer 0x55f5293abfb0 (23 bytes)
1522381913.518503 sending message 105 to peer 0x55f5293abfb0 (33 bytes)
1522381913.518510 sending message 105 to peer 0x55f5293abfb0 (82 bytes)
1522381913.518517 sending message 105 to peer 0x55f5293abfb0 (18 bytes)
1522381913.518524 sending message 105 to peer 0x55f5293abfb0 (16 bytes)
1522381913.518531 sending message 105 to peer 0x55f5293abfb0 (16 bytes)
1522381913.518537 sending message 106 to peer 0x55f5293abfb0 (0 bytes)
1522381913.518545 sending message 200 to peer 0x55f5293abfb0 (4 bytes)
1522381913.518551 client loop enter
1522381913.518853 peer 0x55f5293abfb0 message 211
1522381913.518876 peer 0x55f5293abfb0 message 203
1522381913.518883 client loop exit
